The system is: Windows - 10.0.18363 - AMD64
Compiling the C compiler identification source file "CMakeCCompilerId.c" succeeded.
Compiler: A:/Programs/VS Community/VC/Tools/MSVC/14.27.29110/bin/Hostx64/x64/cl.exe 
Build flags: 
Id flags:  

The output was:
0
Microsoft (R) C/C++ Optimizing Compiler Version 19.27.29111 for x64
Copyright (C) Microsoft Corporation.  All rights reserved.

CMakeCCompilerId.c
Microsoft (R) Incremental Linker Version 14.27.29111.0
Copyright (C) Microsoft Corporation.  All rights reserved.

/out:CMakeCCompilerId.exe 
CMakeCCompilerId.obj 


Compilation of the C compiler identification source "CMakeCCompilerId.c" produced "CMakeCCompilerId.exe"

Compilation of the C compiler identification source "CMakeCCompilerId.c" produced "CMakeCCompilerId.obj"

The C compiler identification is MSVC, found in "F:/Facultate/PG/Lab/lab2/lab2/lab2/OpenGL lib folder/include/glm/out/build/x64-Debug (default)/CMakeFiles/3.17.20032601-MSVC_2/CompilerIdC/CMakeCCompilerId.exe"

Compiling the CXX compiler identification source file "CMakeCXXCompilerId.cpp" succeeded.
Compiler: A:/Programs/VS Community/VC/Tools/MSVC/14.27.29110/bin/Hostx64/x64/cl.exe 
Build flags: 
Id flags:  

The output was:
0
Microsoft (R) C/C++ Optimizing Compiler Version 19.27.29111 for x64
Copyright (C) Microsoft Corporation.  All rights reserved.

CMakeCXXCompilerId.cpp
Microsoft (R) Incremental Linker Version 14.27.29111.0
Copyright (C) Microsoft Corporation.  All rights reserved.

/out:CMakeCXXCompilerId.exe 
CMakeCXXCompilerId.obj 


Compilation of the CXX compiler identification source "CMakeCXXCompilerId.cpp" produced "CMakeCXXCompilerId.exe"

Compilation of the CXX compiler identification source "CMakeCXXCompilerId.cpp" produced "CMakeCXXCompilerId.obj"

The CXX compiler identification is MSVC, found in "F:/Facultate/PG/Lab/lab2/lab2/lab2/OpenGL lib folder/include/glm/out/build/x64-Debug (default)/CMakeFiles/3.17.20032601-MSVC_2/CompilerIdCXX/CMakeCXXCompilerId.exe"

Determining if the C compiler works passed with the following output:
Change Dir: F:/Facultate/PG/Lab/lab2/lab2/lab2/OpenGL lib folder/include/glm/out/build/x64-Debug (default)/CMakeFiles/CMakeTmp

Run Build Command(s):A:/Programs/VS Community/Common7/IDE/CommonExtensions/Microsoft/CMake/Ninja/ninja.exe cmTC_322e7 && [1/2] Building C object CMakeFiles\cmTC_322e7.dir\testCCompiler.c.obj
[2/2] Linking C executable cmTC_322e7.exe



Detecting C compiler ABI info compiled with the following output:
Change Dir: F:/Facultate/PG/Lab/lab2/lab2/lab2/OpenGL lib folder/include/glm/out/build/x64-Debug (default)/CMakeFiles/CMakeTmp

Run Build Command(s):A:/Programs/VS Community/Common7/IDE/CommonExtensions/Microsoft/CMake/Ninja/ninja.exe cmTC_f7620 && [1/2] Building C object CMakeFiles\cmTC_f7620.dir\CMakeCCompilerABI.c.obj
[2/2] Linking C executable cmTC_f7620.exe



Determining if the CXX compiler works passed with the following output:
Change Dir: F:/Facultate/PG/Lab/lab2/lab2/lab2/OpenGL lib folder/include/glm/out/build/x64-Debug (default)/CMakeFiles/CMakeTmp

Run Build Command(s):A:/Programs/VS Community/Common7/IDE/CommonExtensions/Microsoft/CMake/Ninja/ninja.exe cmTC_ef836 && [1/2] Building CXX object CMakeFiles\cmTC_ef836.dir\testCXXCompiler.cxx.obj
[2/2] Linking CXX executable cmTC_ef836.exe



The system is: Windows - 10.0.18363 - AMD64
Compiling the C compiler identification source file "CMakeCCompilerId.c" succeeded.
Compiler: A:/Programs/VS Community/VC/Tools/MSVC/14.27.29110/bin/Hostx64/x64/cl.exe 
Build flags: 
Id flags:  

The output was:
0
Microsoft (R) C/C++ Optimizing Compiler Version 19.27.29111 for x64
Copyright (C) Microsoft Corporation.  All rights reserved.

CMakeCCompilerId.c
Microsoft (R) Incremental Linker Version 14.27.29111.0
Copyright (C) Microsoft Corporation.  All rights reserved.

/out:CMakeCCompilerId.exe 
CMakeCCompilerId.obj 


Compilation of the C compiler identification source "CMakeCCompilerId.c" produced "CMakeCCompilerId.exe"

Compilation of the C compiler identification source "CMakeCCompilerId.c" produced "CMakeCCompilerId.obj"

The C compiler identification is MSVC, found in "F:/Facultate/PG/Lab/lab2/lab2/lab2/OpenGL lib folder/include/glm/out/build/x64-Debug (default)/CMakeFiles/3.17.20032601-MSVC_2/CompilerIdC/CMakeCCompilerId.exe"

Compiling the CXX compiler identification source file "CMakeCXXCompilerId.cpp" succeeded.
Compiler: A:/Programs/VS Community/VC/Tools/MSVC/14.27.29110/bin/Hostx64/x64/cl.exe 
Build flags: 
Id flags:  

The output was:
0
Microsoft (R) C/C++ Optimizing Compiler Version 19.27.29111 for x64
Copyright (C) Microsoft Corporation.  All rights reserved.

CMakeCXXCompilerId.cpp
Microsoft (R) Incremental Linker Version 14.27.29111.0
Copyright (C) Microsoft Corporation.  All rights reserved.

/out:CMakeCXXCompilerId.exe 
CMakeCXXCompilerId.obj 


Compilation of the CXX compiler identification source "CMakeCXXCompilerId.cpp" produced "CMakeCXXCompilerId.exe"

Compilation of the CXX compiler identification source "CMakeCXXCompilerId.cpp" produced "CMakeCXXCompilerId.obj"

The CXX compiler identification is MSVC, found in "F:/Facultate/PG/Lab/lab2/lab2/lab2/OpenGL lib folder/include/glm/out/build/x64-Debug (default)/CMakeFiles/3.17.20032601-MSVC_2/CompilerIdCXX/CMakeCXXCompilerId.exe"

Determining if the C compiler works passed with the following output:
Change Dir: F:/Facultate/PG/Lab/lab2/lab2/lab2/OpenGL lib folder/include/glm/out/build/x64-Debug (default)/CMakeFiles/CMakeTmp

Run Build Command(s):A:/Programs/VS Community/Common7/IDE/CommonExtensions/Microsoft/CMake/Ninja/ninja.exe cmTC_fc70a && [1/2] Building C object CMakeFiles\cmTC_fc70a.dir\testCCompiler.c.obj
[2/2] Linking C executable cmTC_fc70a.exe



Detecting C compiler ABI info compiled with the following output:
Change Dir: F:/Facultate/PG/Lab/lab2/lab2/lab2/OpenGL lib folder/include/glm/out/build/x64-Debug (default)/CMakeFiles/CMakeTmp

Run Build Command(s):A:/Programs/VS Community/Common7/IDE/CommonExtensions/Microsoft/CMake/Ninja/ninja.exe cmTC_4e388 && [1/2] Building C object CMakeFiles\cmTC_4e388.dir\CMakeCCompilerABI.c.obj
[2/2] Linking C executable cmTC_4e388.exe



Determining if the CXX compiler works passed with the following output:
Change Dir: F:/Facultate/PG/Lab/lab2/lab2/lab2/OpenGL lib folder/include/glm/out/build/x64-Debug (default)/CMakeFiles/CMakeTmp

Run Build Command(s):A:/Programs/VS Community/Common7/IDE/CommonExtensions/Microsoft/CMake/Ninja/ninja.exe cmTC_b8a14 && [1/2] Building CXX object CMakeFiles\cmTC_b8a14.dir\testCXXCompiler.cxx.obj
[2/2] Linking CXX executable cmTC_b8a14.exe



Detecting CXX compiler ABI info compiled with the following output:
Change Dir: F:/Facultate/PG/Lab/lab2/lab2/lab2/OpenGL lib folder/include/glm/out/build/x64-Debug (default)/CMakeFiles/CMakeTmp

Run Build Command(s):A:/Programs/VS Community/Common7/IDE/CommonExtensions/Microsoft/CMake/Ninja/ninja.exe cmTC_8a798 && [1/2] Building CXX object CMakeFiles\cmTC_8a798.dir\CMakeCXXCompilerABI.cpp.obj
[2/2] Linking CXX executable cmTC_8a798.exe



