f:\facultate\pg\lab\lab2\lab2\lab2\x64\release\vc142.pdb
f:\facultate\pg\lab\lab2\lab2\lab2\x64\release\window.obj
f:\facultate\pg\lab\lab2\lab2\lab2\x64\release\tiny_obj_loader.obj
f:\facultate\pg\lab\lab2\lab2\lab2\x64\release\stb_image.obj
f:\facultate\pg\lab\lab2\lab2\lab2\x64\release\shader.obj
f:\facultate\pg\lab\lab2\lab2\lab2\x64\release\model3d.obj
f:\facultate\pg\lab\lab2\lab2\lab2\x64\release\mesh.obj
f:\facultate\pg\lab\lab2\lab2\lab2\x64\release\main.obj
f:\facultate\pg\lab\lab2\lab2\lab2\x64\release\car.obj
f:\facultate\pg\lab\lab2\lab2\lab2\x64\release\camera.obj
f:\facultate\pg\lab\lab2\lab2\x64\release\lab2.ipdb
f:\facultate\pg\lab\lab2\lab2\x64\release\lab2.iobj
f:\facultate\pg\lab\lab2\lab2\x64\release\lab2.exe
f:\facultate\pg\lab\lab2\lab2\x64\release\lab2.pdb
f:\facultate\pg\lab\lab2\proiect\lab2\x64\release\camera.obj
f:\facultate\pg\lab\lab2\proiect\lab2\x64\release\car.obj
f:\facultate\pg\lab\lab2\proiect\lab2\x64\release\main.obj
f:\facultate\pg\lab\lab2\proiect\lab2\x64\release\mesh.obj
f:\facultate\pg\lab\lab2\proiect\lab2\x64\release\model3d.obj
f:\facultate\pg\lab\lab2\proiect\lab2\x64\release\shader.obj
f:\facultate\pg\lab\lab2\proiect\lab2\x64\release\stb_image.obj
f:\facultate\pg\lab\lab2\proiect\lab2\x64\release\tiny_obj_loader.obj
f:\facultate\pg\lab\lab2\proiect\lab2\x64\release\window.obj
f:\facultate\pg\lab\lab2\proiect\lab2\x64\release\vc142.pdb
f:\facultate\pg\lab\lab2\proiect\x64\release\lab2.pdb
f:\facultate\pg\lab\lab2\proiect\x64\release\lab2.exe
f:\facultate\pg\lab\lab2\proiect\lab2\x64\release\lab2.tlog\cl.command.1.tlog
f:\facultate\pg\lab\lab2\proiect\lab2\x64\release\lab2.tlog\cl.read.1.tlog
f:\facultate\pg\lab\lab2\proiect\lab2\x64\release\lab2.tlog\cl.write.1.tlog
f:\facultate\pg\lab\lab2\proiect\lab2\x64\release\lab2.tlog\lab2.write.1u.tlog
f:\facultate\pg\lab\lab2\proiect\lab2\x64\release\lab2.tlog\link.command.1.tlog
f:\facultate\pg\lab\lab2\proiect\lab2\x64\release\lab2.tlog\link.read.1.tlog
f:\facultate\pg\lab\lab2\proiect\lab2\x64\release\lab2.tlog\link.write.1.tlog
