f:\facultate\pg\lab\lab2\lab2\lab2\x64\debug\vc142.pdb
f:\facultate\pg\lab\lab2\lab2\lab2\x64\debug\vc142.idb
f:\facultate\pg\lab\lab2\lab2\lab2\x64\debug\window.obj
f:\facultate\pg\lab\lab2\lab2\lab2\x64\debug\tiny_obj_loader.obj
f:\facultate\pg\lab\lab2\lab2\lab2\x64\debug\stb_image.obj
f:\facultate\pg\lab\lab2\lab2\lab2\x64\debug\shader.obj
f:\facultate\pg\lab\lab2\lab2\lab2\x64\debug\model3d.obj
f:\facultate\pg\lab\lab2\lab2\lab2\x64\debug\mesh.obj
f:\facultate\pg\lab\lab2\lab2\lab2\x64\debug\main.obj
f:\facultate\pg\lab\lab2\lab2\lab2\x64\debug\car.obj
f:\facultate\pg\lab\lab2\lab2\lab2\x64\debug\camera.obj
f:\facultate\pg\lab\lab2\lab2\x64\debug\lab2.exe
f:\facultate\pg\lab\lab2\lab2\x64\debug\lab2.ilk
f:\facultate\pg\lab\lab2\lab2\x64\debug\lab2.pdb
f:\facultate\pg\lab\lab2\lab2\lab2\x64\debug\lab2.tlog\cl.command.1.tlog
f:\facultate\pg\lab\lab2\lab2\lab2\x64\debug\lab2.tlog\cl.read.1.tlog
f:\facultate\pg\lab\lab2\lab2\lab2\x64\debug\lab2.tlog\cl.write.1.tlog
f:\facultate\pg\lab\lab2\lab2\lab2\x64\debug\lab2.tlog\link.command.1.tlog
f:\facultate\pg\lab\lab2\lab2\lab2\x64\debug\lab2.tlog\link.read.1.tlog
f:\facultate\pg\lab\lab2\lab2\lab2\x64\debug\lab2.tlog\link.write.1.tlog
